[debug] [2021-10-19T14:12:21.964Z] ----------------------------------------------------------------------
[debug] [2021-10-19T14:12:21.966Z] Command:       /usr/local/bin/firebase /Users/sagarmon/.cache/firebase/tools/lib/node_modules/firebase-tools/lib/bin/firebase deploy
[debug] [2021-10-19T14:12:21.967Z] CLI Version:   9.20.0
[debug] [2021-10-19T14:12:21.967Z] Platform:      darwin
[debug] [2021-10-19T14:12:21.967Z] Node Version:  v12.18.1
[debug] [2021-10-19T14:12:21.973Z] Time:          Tue Oct 19 2021 20:12:21 GMT+0600 (Bangladesh Standard Time)
[debug] [2021-10-19T14:12:21.973Z] ----------------------------------------------------------------------
[debug] 
[debug] [2021-10-19T14:12:22.026Z] > command requires scopes: ["email","openid","https://www.googleapis.com/auth/cloudplatformprojects.readonly","https://www.googleapis.com/auth/firebase","https://www.googleapis.com/auth/cloud-platform"]
[debug] [2021-10-19T14:12:22.027Z] > authorizing via signed-in user (sagarmonnn@gmail.com)
[debug] [2021-10-19T14:12:22.027Z] [iam] checking project assignment-10-e7db2 for permissions ["firebase.projects.get","firebasehosting.sites.update"]
[debug] [2021-10-19T14:12:22.030Z] >>> HTTP REQUEST POST https://cloudresourcemanager.googleapis.com/v1/projects/assignment-10-e7db2:testIamPermissions  
 {"permissions":["firebase.projects.get","firebasehosting.sites.update"]}
[debug] [2021-10-19T14:12:23.310Z] <<< HTTP RESPONSE 200 {"content-type":"application/json; charset=UTF-8","vary":"X-Origin, Referer, Origin,Accept-Encoding","date":"Tue, 19 Oct 2021 14:12:23 GMT","server":"ESF","cache-control":"private","x-xss-protection":"0","x-frame-options":"SAMEORIGIN","x-content-type-options":"nosniff","server-timing":"gfet4t7; dur=940","alt-svc":"h3=\":443\"; ma=2592000,h3-29=\":443\"; ma=2592000,h3-T051=\":443\"; ma=2592000,h3-Q050=\":443\"; ma=2592000,h3-Q046=\":443\"; ma=2592000,h3-Q043=\":443\"; ma=2592000,quic=\":443\"; ma=2592000; v=\"46,43\"","accept-ranges":"none","transfer-encoding":"chunked"}
[debug] [2021-10-19T14:12:23.313Z] > refreshing access token with scopes: []
[debug] [2021-10-19T14:12:23.313Z] >>> HTTP REQUEST POST https://www.googleapis.com/oauth2/v3/token  
 <request body omitted>
[debug] [2021-10-19T14:12:23.598Z] <<< HTTP RESPONSE 200 {"date":"Tue, 19 Oct 2021 14:12:23 GMT","expires":"Mon, 01 Jan 1990 00:00:00 GMT","pragma":"no-cache","cache-control":"no-cache, no-store, max-age=0, must-revalidate","content-type":"application/json; charset=utf-8","vary":"X-Origin, Referer, Origin,Accept-Encoding","server":"scaffolding on HTTPServer2","x-xss-protection":"0","x-frame-options":"SAMEORIGIN","x-content-type-options":"nosniff","alt-svc":"h3=\":443\"; ma=2592000,h3-29=\":443\"; ma=2592000,h3-T051=\":443\"; ma=2592000,h3-Q050=\":443\"; ma=2592000,h3-Q046=\":443\"; ma=2592000,h3-Q043=\":443\"; ma=2592000,quic=\":443\"; ma=2592000; v=\"46,43\"","accept-ranges":"none","transfer-encoding":"chunked"}
[debug] [2021-10-19T14:12:23.632Z] >>> [apiv2][query] GET https://firebase.googleapis.com/v1beta1/projects/assignment-10-e7db2 [none]
[debug] [2021-10-19T14:12:24.446Z] <<< [apiv2][status] GET https://firebase.googleapis.com/v1beta1/projects/assignment-10-e7db2 200
[debug] [2021-10-19T14:12:24.446Z] <<< [apiv2][body] GET https://firebase.googleapis.com/v1beta1/projects/assignment-10-e7db2 {"projectId":"assignment-10-e7db2","projectNumber":"49969487521","displayName":"assignment-10","name":"projects/assignment-10-e7db2","resources":{"hostingSite":"assignment-10-e7db2"},"state":"ACTIVE"}
[info] 
[info] === Deploying to 'assignment-10-e7db2'...
[info] 
[info] i  deploying hosting 
[debug] [2021-10-19T14:12:24.450Z] > refreshing access token with scopes: ["email","https://www.googleapis.com/auth/cloud-platform","https://www.googleapis.com/auth/cloudplatformprojects.readonly","https://www.googleapis.com/auth/firebase","openid"]
[debug] [2021-10-19T14:12:24.450Z] >>> HTTP REQUEST POST https://www.googleapis.com/oauth2/v3/token  
 <request body omitted>
[debug] [2021-10-19T14:12:24.688Z] <<< HTTP RESPONSE 200 {"expires":"Mon, 01 Jan 1990 00:00:00 GMT","date":"Tue, 19 Oct 2021 14:12:24 GMT","cache-control":"no-cache, no-store, max-age=0, must-revalidate","pragma":"no-cache","content-type":"application/json; charset=utf-8","vary":"X-Origin, Referer, Origin,Accept-Encoding","server":"scaffolding on HTTPServer2","x-xss-protection":"0","x-frame-options":"SAMEORIGIN","x-content-type-options":"nosniff","alt-svc":"h3=\":443\"; ma=2592000,h3-29=\":443\"; ma=2592000,h3-T051=\":443\"; ma=2592000,h3-Q050=\":443\"; ma=2592000,h3-Q046=\":443\"; ma=2592000,h3-Q043=\":443\"; ma=2592000,quic=\":443\"; ma=2592000; v=\"46,43\"","accept-ranges":"none","transfer-encoding":"chunked"}
[debug] [2021-10-19T14:12:24.717Z] >>> HTTP REQUEST POST https://firebasehosting.googleapis.com/v1beta1/sites/assignment-10-e7db2/versions  
 {"config":{"rewrites":[{"glob":"**","path":"/index.html"}]},"labels":{"deployment-tool":"cli-firebase"}}
[debug] [2021-10-19T14:12:26.435Z] <<< HTTP RESPONSE 200 {"content-type":"application/json; charset=UTF-8","vary":"X-Origin, Referer, Origin,Accept-Encoding","date":"Tue, 19 Oct 2021 14:12:26 GMT","server":"ESF","cache-control":"private","x-xss-protection":"0","x-frame-options":"SAMEORIGIN","x-content-type-options":"nosniff","alt-svc":"h3=\":443\"; ma=2592000,h3-29=\":443\"; ma=2592000,h3-T051=\":443\"; ma=2592000,h3-Q050=\":443\"; ma=2592000,h3-Q046=\":443\"; ma=2592000,h3-Q043=\":443\"; ma=2592000,quic=\":443\"; ma=2592000; v=\"46,43\"","accept-ranges":"none","transfer-encoding":"chunked"}
[info] i  hosting[assignment-10-e7db2]: beginning deploy... 
[info] i  hosting[assignment-10-e7db2]: found 29 files in build 
